TN:
SF:src/routes.ts
FN:11,(anonymous_1)
FNF:1
FNH:0
FNDA:0,(anonymous_1)
DA:1,0
DA:2,0
DA:3,0
DA:5,0
DA:7,0
DA:8,0
DA:9,0
DA:11,0
DA:12,0
DA:15,0
LF:10
LH:0
BRF:0
BRH:0
end_of_record
TN:
SF:src/controllers/authController.ts
FN:4,login
FNF:1
FNH:0
FNDA:0,login
DA:2,0
DA:4,0
DA:5,0
DA:7,0
DA:8,0
DA:10,0
DA:11,0
LF:7
LH:0
BRDA:7,0,0,0
BRDA:7,0,1,0
BRDA:7,1,0,0
BRDA:7,1,1,0
BRDA:7,1,2,0
BRF:5
BRH:0
end_of_record
TN:
SF:src/controllers/bidController.ts
FN:5,submitBid
FN:37,getItemTopBids
FN:46,(anonymous_2)
FNF:3
FNH:3
FNDA:1,submitBid
FNDA:1,getItemTopBids
FNDA:2,(anonymous_2)
DA:2,1
DA:3,1
DA:5,1
DA:6,1
DA:7,1
DA:10,1
DA:11,0
DA:13,1
DA:16,1
DA:17,0
DA:20,1
DA:21,1
DA:24,0
DA:25,0
DA:28,0
DA:29,0
DA:30,0
DA:33,0
DA:34,0
DA:37,1
DA:38,1
DA:40,1
DA:41,0
DA:44,1
DA:46,2
DA:50,1
LF:26
LH:16
BRDA:10,0,0,0
BRDA:10,0,1,1
BRDA:16,1,0,0
BRDA:16,1,1,1
BRDA:16,2,0,1
BRDA:16,2,1,1
BRDA:20,3,0,1
BRDA:20,3,1,0
BRDA:20,4,0,1
BRDA:20,4,1,0
BRDA:20,4,2,0
BRDA:24,5,0,0
BRDA:24,5,1,0
BRDA:24,6,0,0
BRDA:24,6,1,0
BRDA:29,7,0,0
BRDA:29,7,1,0
BRDA:40,8,0,0
BRDA:40,8,1,1
BRDA:40,9,0,1
BRDA:40,9,1,1
BRDA:40,9,2,1
BRF:22
BRH:10
end_of_record
TN:
SF:src/services/bidService.ts
FN:3,placeBid
FN:19,getTopBids
FN:26,(anonymous_2)
FN:27,(anonymous_3)
FNF:4
FNH:4
FNDA:6,placeBid
FNDA:4,getTopBids
FNDA:5,(anonymous_2)
FNDA:3,(anonymous_3)
DA:1,2
DA:3,2
DA:4,6
DA:5,2
DA:8,6
DA:9,6
DA:11,6
DA:12,5
DA:13,5
DA:16,1
DA:19,2
DA:20,4
DA:21,4
DA:22,1
DA:25,3
DA:26,5
DA:27,3
DA:29,3
LF:18
LH:18
BRDA:4,0,0,2
BRDA:4,0,1,4
BRDA:9,1,0,6
BRDA:9,1,1,4
BRDA:11,2,0,5
BRDA:11,2,1,1
BRDA:21,3,0,1
BRDA:21,3,1,3
BRF:8
BRH:8
end_of_record
TN:
SF:src/services/sessionService.ts
FN:5,generateSessionKey
FN:14,createSession
FN:27,isValidSession
FN:42,getUserFromSession
FNF:4
FNH:4
FNDA:3,generateSessionKey
FNDA:2,createSession
FNDA:3,isValidSession
FNDA:1,getUserFromSession
DA:3,2
DA:5,2
DA:6,3
DA:7,3
DA:8,3
DA:9,24
DA:11,3
DA:14,2
DA:15,2
DA:16,2
DA:17,2
DA:19,2
DA:24,2
DA:27,2
DA:28,3
DA:29,3
DA:30,0
DA:33,3
DA:34,3
DA:35,1
DA:36,1
DA:39,2
DA:42,2
DA:43,1
DA:44,1
DA:45,0
DA:48,1
DA:49,1
DA:50,0
DA:51,0
DA:54,1
LF:31
LH:27
BRDA:29,0,0,0
BRDA:29,0,1,3
BRDA:34,1,0,1
BRDA:34,1,1,2
BRDA:44,2,0,0
BRDA:44,2,1,1
BRDA:49,3,0,0
BRDA:49,3,1,1
BRF:8
BRH:5
end_of_record
